Copyright 1986-2019 Xilinx, Inc. All Rights Reserved.
-----------------------------------------------------------------------------------------------------
| Tool Version : Vivado v.2019.2.1 (lin64) Build 2729669 Thu Dec  5 04:48:12 MST 2019
| Date         : Thu Feb 10 17:29:07 2022
| Host         : Sanchez-HP-Laptop-15-da0xxx running 64-bit Ubuntu 20.04.3 LTS
| Command      : report_utilization -hierarchical -file nexys4ddr_utilization_hierarchical_place.rpt
| Design       : nexys4ddr
| Device       : 7a100tcsg324-1
| Design State : Fully Placed
-----------------------------------------------------------------------------------------------------

Utilization Design Information

Table of Contents
-----------------
1. Utilization by Hierarchy

1. Utilization by Hierarchy
---------------------------

+-------------------+-------------------+------------+------------+---------+------+------+--------+--------+--------------+
|      Instance     |       Module      | Total LUTs | Logic LUTs | LUTRAMs | SRLs |  FFs | RAMB36 | RAMB18 | DSP48 Blocks |
+-------------------+-------------------+------------+------------+---------+------+------+--------+--------+--------------+
| nexys4ddr         |             (top) |       3429 |       3325 |     104 |    0 | 2635 |    134 |      0 |            1 |
|   (nexys4ddr)     |             (top) |        867 |        851 |      16 |    0 | 1421 |    134 |      0 |            1 |
|   movimiento      |        movimiento |          2 |          2 |       0 |    0 |    4 |      0 |      0 |            0 |
|   picorv32        |          picorv32 |       2384 |       2296 |      88 |    0 | 1129 |      0 |      0 |            0 |
|     (picorv32)    |          picorv32 |       1666 |       1578 |      88 |    0 |  674 |      0 |      0 |            0 |
|     pcpi_div      | picorv32_pcpi_div |        388 |        388 |       0 |    0 |  200 |      0 |      0 |            0 |
|     pcpi_mul      | picorv32_pcpi_mul |        331 |        331 |       0 |    0 |  255 |      0 |      0 |            0 |
|   servomotor      |        servomotor |         32 |         32 |       0 |    0 |   22 |      0 |      0 |            0 |
|   ultrasonido     |       ultrasonido |        144 |        144 |       0 |    0 |   59 |      0 |      0 |            0 |
|     (ultrasonido) |       ultrasonido |        136 |        136 |       0 |    0 |   29 |      0 |      0 |            0 |
|     freq1         |           divFreq |          8 |          8 |       0 |    0 |   30 |      0 |      0 |            0 |
+-------------------+-------------------+------------+------------+---------+------+------+--------+--------+--------------+
* Note: The sum of lower-level cells may be larger than their parent cells total, due to cross-hierarchy LUT combining


