Copyright 1986-2019 Xilinx, Inc. All Rights Reserved.
-----------------------------------------------------------------------------------------------------
| Tool Version : Vivado v.2019.2.1 (lin64) Build 2729669 Thu Dec  5 04:48:12 MST 2019
| Date         : Tue Feb  8 19:10:38 2022
| Host         : Sanchez-HP-Laptop-15-da0xxx running 64-bit Ubuntu 20.04.3 LTS
| Command      : report_utilization -hierarchical -file nexys4ddr_utilization_hierarchical_synth.rpt
| Design       : nexys4ddr
| Device       : 7a100tcsg324-1
| Design State : Synthesized
-----------------------------------------------------------------------------------------------------

Utilization Design Information

Table of Contents
-----------------
1. Utilization by Hierarchy

1. Utilization by Hierarchy
---------------------------

+---------------------+-------------------+------------+------------+---------+------+------+--------+--------+--------------+
|       Instance      |       Module      | Total LUTs | Logic LUTs | LUTRAMs | SRLs |  FFs | RAMB36 | RAMB18 | DSP48 Blocks |
+---------------------+-------------------+------------+------------+---------+------+------+--------+--------+--------------+
| nexys4ddr           |             (top) |      18445 |       6053 |   12392 |    0 | 3585 |    128 |      0 |            1 |
|   (nexys4ddr)       |             (top) |       6893 |        733 |    6160 |    0 | 1715 |    128 |      0 |            1 |
|   camara            |            camara |       8110 |       1966 |    6144 |    0 |  387 |      0 |      0 |            0 |
|     Analyzer        |          Analyzer |        103 |        103 |       0 |    0 |  176 |      0 |      0 |            0 |
|     buffer_ram_dp   |     buffer_ram_dp |       7240 |       1096 |    6144 |    0 |    8 |      0 |      0 |            0 |
|     cam_read        |          cam_read |        767 |        767 |       0 |    0 |  203 |      0 |      0 |            0 |
|     clk24_25_nexys4 |   clk24_25_nexys4 |          0 |          0 |       0 |    0 |    0 |      0 |      0 |            0 |
|   movimiento        |        movimiento |          2 |          2 |       0 |    0 |    4 |      0 |      0 |            0 |
|   picorv32          |          picorv32 |       3259 |       3171 |      88 |    0 | 1398 |      0 |      0 |            0 |
|     (picorv32)      |          picorv32 |       2540 |       2452 |      88 |    0 |  943 |      0 |      0 |            0 |
|     pcpi_div        | picorv32_pcpi_div |        390 |        390 |       0 |    0 |  200 |      0 |      0 |            0 |
|     pcpi_mul        | picorv32_pcpi_mul |        329 |        329 |       0 |    0 |  255 |      0 |      0 |            0 |
|   servomotor        |        servomotor |         36 |         36 |       0 |    0 |   22 |      0 |      0 |            0 |
|   ultrasonido       |       ultrasonido |        145 |        145 |       0 |    0 |   59 |      0 |      0 |            0 |
|     (ultrasonido)   |       ultrasonido |        137 |        137 |       0 |    0 |   29 |      0 |      0 |            0 |
|     freq1           |           divFreq |          8 |          8 |       0 |    0 |   30 |      0 |      0 |            0 |
+---------------------+-------------------+------------+------------+---------+------+------+--------+--------+--------------+


